outputs/logs/manifest-merger-debug-report.txt
-- Merging decision tree log ---
manifest
ADDED from src\main\AndroidManifest.xml:2:1-81:12
	package
		ADDED from src\main\AndroidManifest.xml:3:5-39
		INJECTED from src\main\AndroidManifest.xml
		INJECTED from src\main\AndroidManifest.xml
	android:versionName
		INJECTED from src\main\AndroidManifest.xml
		INJECTED from src\main\AndroidManifest.xml
	xmlns:android
		ADDED from src\main\AndroidManifest.xml:2:11-69
	android:versionCode
		INJECTED from src\main\AndroidManifest.xml
		INJECTED from src\main\AndroidManifest.xml
uses-permission#android.permission.INTERNET
ADDED from src\main\AndroidManifest.xml:5:5-67
MERGED from [com.google.android.gms:play-services-ads:8.4.0] AndroidManifest.xml:20:5-66
	android:name
		ADDED from src\main\AndroidManifest.xml:5:22-64
uses-permission#com.android.alarm.permission.SET_ALARM
ADDED from src\main\AndroidManifest.xml:6:5-78
	android:name
		ADDED from src\main\AndroidManifest.xml:6:22-75
uses-permission#android.permission.WRITE_EXTERNAL_STORAGE
ADDED from src\main\AndroidManifest.xml:7:5-81
	android:name
		ADDED from src\main\AndroidManifest.xml:7:22-78
uses-permission#android.permission.READ_EXTERNAL_STORAGE
ADDED from src\main\AndroidManifest.xml:8:5-80
	android:name
		ADDED from src\main\AndroidManifest.xml:8:22-77
uses-permission#android.permission.READ_SMS
ADDED from src\main\AndroidManifest.xml:9:5-67
	android:name
		ADDED from src\main\AndroidManifest.xml:9:22-64
uses-permission#android.permission.RECEIVE_SMS
ADDED from src\main\AndroidManifest.xml:10:5-70
	android:name
		ADDED from src\main\AndroidManifest.xml:10:22-67
uses-permission#android.permission.READ_CONTACTS
ADDED from src\main\AndroidManifest.xml:11:5-72
	android:name
		ADDED from src\main\AndroidManifest.xml:11:22-69
uses-permission#android.permission.SYSTEM_ALERT_WINDOW
ADDED from src\main\AndroidManifest.xml:12:5-78
MERGED from [com.txusballesteros:bubbles:1.2.1] AndroidManifest.xml:36:5-78
	android:name
		ADDED from src\main\AndroidManifest.xml:12:22-75
application
ADDED from src\main\AndroidManifest.xml:14:5-79:19
MERGED from [com.android.support:appcompat-v7:23.4.0] AndroidManifest.xml:25:5-20
MERGED from [com.android.support:animated-vector-drawable:23.4.0] AndroidManifest.xml:7:5-20
MERGED from [com.android.support:support-vector-drawable:23.4.0] AndroidManifest.xml:7:5-20
MERGED from [com.android.support:support-v4:23.4.0] AndroidManifest.xml:22:5-20
MERGED from [com.android.support:support-v4:23.4.0] AndroidManifest.xml:22:5-20
MERGED from [com.android.support:support-vector-drawable:23.4.0] AndroidManifest.xml:7:5-20
MERGED from [com.android.support:support-v4:23.4.0] AndroidManifest.xml:22:5-20
MERGED from [com.android.support:cardview-v7:23.4.0] AndroidManifest.xml:22:5-20
MERGED from [com.android.support:design:23.4.0] AndroidManifest.xml:22:5-20
MERGED from [com.android.support:support-v4:23.4.0] AndroidManifest.xml:22:5-20
MERGED from [com.android.support:appcompat-v7:23.4.0] AndroidManifest.xml:25:5-20
MERGED from [com.android.support:animated-vector-drawable:23.4.0] AndroidManifest.xml:7:5-20
MERGED from [com.android.support:support-vector-drawable:23.4.0] AndroidManifest.xml:7:5-20
MERGED from [com.android.support:support-v4:23.4.0] AndroidManifest.xml:22:5-20
MERGED from [com.android.support:support-v4:23.4.0] AndroidManifest.xml:22:5-20
MERGED from [com.android.support:support-vector-drawable:23.4.0] AndroidManifest.xml:7:5-20
MERGED from [com.android.support:support-v4:23.4.0] AndroidManifest.xml:22:5-20
MERGED from [com.android.support:support-v4:23.4.0] AndroidManifest.xml:22:5-20
MERGED from [com.clough.android.androiddbviewer:androiddbviewer:1.0.0] AndroidManifest.xml:11:5-15:19
MERGED from [com.android.support:appcompat-v7:23.4.0] AndroidManifest.xml:25:5-20
MERGED from [com.android.support:animated-vector-drawable:23.4.0] AndroidManifest.xml:7:5-20
MERGED from [com.android.support:support-vector-drawable:23.4.0] AndroidManifest.xml:7:5-20
MERGED from [com.android.support:support-v4:23.4.0] AndroidManifest.xml:22:5-20
MERGED from [com.android.support:support-v4:23.4.0] AndroidManifest.xml:22:5-20
MERGED from [com.android.support:support-vector-drawable:23.4.0] AndroidManifest.xml:7:5-20
MERGED from [com.android.support:support-v4:23.4.0] AndroidManifest.xml:22:5-20
MERGED from [com.android.support:support-v4:23.4.0] AndroidManifest.xml:22:5-20
MERGED from [com.android.support:support-v4:23.4.0] AndroidManifest.xml:22:5-20
MERGED from [com.google.android.gms:play-services-ads:8.4.0] AndroidManifest.xml:24:5-32:19
MERGED from [com.google.android.gms:play-services-basement:8.4.0] AndroidManifest.xml:20:5-24:19
MERGED from [com.android.support:support-v4:23.4.0] AndroidManifest.xml:22:5-20
MERGED from [com.txusballesteros:bubbles:1.2.1] AndroidManifest.xml:38:5-43:19
	android:label
		ADDED from src\main\AndroidManifest.xml:16:9-41
	android:supportsRtl
		ADDED from src\main\AndroidManifest.xml:17:9-35
	android:icon
		ADDED from src\main\AndroidManifest.xml:15:9-37
	android:allowBackup
		ADDED from [com.clough.android.androiddbviewer:androiddbviewer:1.0.0] AndroidManifest.xml:12:9-35
	android:theme
		ADDED from src\main\AndroidManifest.xml:18:9-40
activity#com.magic.akash.magicbox.Splashscreen
ADDED from src\main\AndroidManifest.xml:19:9-32:20
	android:screenOrientation
		ADDED from src\main\AndroidManifest.xml:24:13-49
	android:label
		ADDED from src\main\AndroidManifest.xml:22:13-45
	android:noHistory
		ADDED from src\main\AndroidManifest.xml:23:13-37
	android:windowSoftInputMode
		ADDED from src\main\AndroidManifest.xml:26:13-60
	android:configChanges
		ADDED from src\main\AndroidManifest.xml:21:13-74
	android:theme
		ADDED from src\main\AndroidManifest.xml:25:13-44
	android:name
		ADDED from src\main\AndroidManifest.xml:20:13-41
intent-filter#android.intent.action.MAIN+android.intent.category.LAUNCHER
ADDED from src\main\AndroidManifest.xml:27:13-31:29
action#android.intent.action.MAIN
ADDED from src\main\AndroidManifest.xml:28:17-69
	android:name
		ADDED from src\main\AndroidManifest.xml:28:25-66
category#android.intent.category.LAUNCHER
ADDED from src\main\AndroidManifest.xml:30:17-77
	android:name
		ADDED from src\main\AndroidManifest.xml:30:27-74
activity#com.magic.akash.magicbox.MainActivity
ADDED from src\main\AndroidManifest.xml:33:9-36:63
	android:windowSoftInputMode
		ADDED from src\main\AndroidManifest.xml:36:13-60
	android:configChanges
		ADDED from src\main\AndroidManifest.xml:35:13-74
	android:name
		ADDED from src\main\AndroidManifest.xml:34:13-41
activity#com.magic.akash.magicbox.Budget
ADDED from src\main\AndroidManifest.xml:37:9-40:52
	android:screenOrientation
		ADDED from src\main\AndroidManifest.xml:40:13-49
	android:configChanges
		ADDED from src\main\AndroidManifest.xml:39:13-74
	android:name
		ADDED from src\main\AndroidManifest.xml:38:13-35
activity#com.magic.akash.magicbox.Timeline
ADDED from src\main\AndroidManifest.xml:41:9-44:40
	android:noHistory
		ADDED from src\main\AndroidManifest.xml:44:13-37
	android:configChanges
		ADDED from src\main\AndroidManifest.xml:43:13-74
	android:name
		ADDED from src\main\AndroidManifest.xml:42:13-37
activity#com.magic.akash.magicbox.Display
ADDED from src\main\AndroidManifest.xml:45:9-47:77
	android:configChanges
		ADDED from src\main\AndroidManifest.xml:47:13-74
	android:name
		ADDED from src\main\AndroidManifest.xml:46:13-36
activity#com.magic.akash.magicbox.Display_money_exchange
ADDED from src\main\AndroidManifest.xml:48:9-50:77
	android:configChanges
		ADDED from src\main\AndroidManifest.xml:50:13-74
	android:name
		ADDED from src\main\AndroidManifest.xml:49:13-51
activity#com.magic.akash.magicbox.welcomeScreen
ADDED from src\main\AndroidManifest.xml:51:9-54:64
	android:windowSoftInputMode
		ADDED from src\main\AndroidManifest.xml:54:13-61
	android:configChanges
		ADDED from src\main\AndroidManifest.xml:53:13-74
	android:name
		ADDED from src\main\AndroidManifest.xml:52:13-42
activity#com.magic.akash.magicbox.Feedback
ADDED from src\main\AndroidManifest.xml:55:9-60:54
	android:screenOrientation
		ADDED from src\main\AndroidManifest.xml:59:13-49
	android:label
		ADDED from src\main\AndroidManifest.xml:58:13-59
	android:configChanges
		ADDED from src\main\AndroidManifest.xml:57:13-74
	android:theme
		ADDED from src\main\AndroidManifest.xml:60:13-51
	android:name
		ADDED from src\main\AndroidManifest.xml:56:13-37
receiver#com.magic.akash.magicbox.Notification
ADDED from src\main\AndroidManifest.xml:62:9-50
	android:name
		ADDED from src\main\AndroidManifest.xml:62:19-47
receiver#com.magic.akash.magicbox.notification2
ADDED from src\main\AndroidManifest.xml:63:9-51
	android:name
		ADDED from src\main\AndroidManifest.xml:63:19-48
activity#com.magic.akash.magicbox.ChooseCountry
ADDED from src\main\AndroidManifest.xml:65:9-66:47
	android:screenOrientation
		ADDED from src\main\AndroidManifest.xml:66:9-45
	android:name
		ADDED from src\main\AndroidManifest.xml:65:19-48
activity#com.magic.akash.magicbox.star_fooding
ADDED from src\main\AndroidManifest.xml:67:9-50
	android:name
		ADDED from src\main\AndroidManifest.xml:67:19-47
activity#com.magic.akash.magicbox.star_recharge
ADDED from src\main\AndroidManifest.xml:68:9-51
	android:name
		ADDED from src\main\AndroidManifest.xml:68:19-48
activity#com.magic.akash.magicbox.star_shopping
ADDED from src\main\AndroidManifest.xml:69:9-51
	android:name
		ADDED from src\main\AndroidManifest.xml:69:19-48
activity#com.magic.akash.magicbox.star_other
ADDED from src\main\AndroidManifest.xml:70:9-48
	android:name
		ADDED from src\main\AndroidManifest.xml:70:19-45
activity#com.magic.akash.magicbox.star_transport
ADDED from src\main\AndroidManifest.xml:71:9-52
	android:name
		ADDED from src\main\AndroidManifest.xml:71:19-49
receiver#com.magic.akash.magicbox.Notification_online
ADDED from src\main\AndroidManifest.xml:74:9-78:20
	android:name
		ADDED from src\main\AndroidManifest.xml:74:19-54
intent-filter#android.provider.Telephony.SMS_RECEIVED
ADDED from src\main\AndroidManifest.xml:75:13-77:29
action#android.provider.Telephony.SMS_RECEIVED
ADDED from src\main\AndroidManifest.xml:76:17-82
	android:name
		ADDED from src\main\AndroidManifest.xml:76:25-79
uses-sdk
INJECTED from src\main\AndroidManifest.xml reason: use-sdk injection requested
MERGED from [com.android.support:appcompat-v7:23.4.0] AndroidManifest.xml:21:5-23:78
MERGED from [com.android.support:animated-vector-drawable:23.4.0] AndroidManifest.xml:5:5-44
MERGED from [com.android.support:support-vector-drawable:23.4.0] AndroidManifest.xml:5:5-43
MERGED from [com.android.support:support-v4:23.4.0] AndroidManifest.xml:20:5-43
MERGED from [com.android.support:support-v4:23.4.0] AndroidManifest.xml:20:5-43
MERGED from [com.android.support:support-vector-drawable:23.4.0] AndroidManifest.xml:5:5-43
MERGED from [com.android.support:support-v4:23.4.0] AndroidManifest.xml:20:5-43
MERGED from [com.android.support:cardview-v7:23.4.0] AndroidManifest.xml:20:5-43
MERGED from [com.android.support:design:23.4.0] AndroidManifest.xml:20:5-43
MERGED from [com.android.support:recyclerview-v7:23.4.0] AndroidManifest.xml:20:5-43
MERGED from [com.android.support:support-v4:23.4.0] AndroidManifest.xml:20:5-43
MERGED from [com.android.support:appcompat-v7:23.4.0] AndroidManifest.xml:21:5-23:78
MERGED from [com.android.support:animated-vector-drawable:23.4.0] AndroidManifest.xml:5:5-44
MERGED from [com.android.support:support-vector-drawable:23.4.0] AndroidManifest.xml:5:5-43
MERGED from [com.android.support:support-v4:23.4.0] AndroidManifest.xml:20:5-43
MERGED from [com.android.support:support-v4:23.4.0] AndroidManifest.xml:20:5-43
MERGED from [com.android.support:support-vector-drawable:23.4.0] AndroidManifest.xml:5:5-43
MERGED from [com.android.support:support-v4:23.4.0] AndroidManifest.xml:20:5-43
MERGED from [com.android.support:support-v4:23.4.0] AndroidManifest.xml:20:5-43
MERGED from [com.clough.android.androiddbviewer:androiddbviewer:1.0.0] AndroidManifest.xml:7:5-9:41
MERGED from [com.android.support:appcompat-v7:23.4.0] AndroidManifest.xml:21:5-23:78
MERGED from [com.android.support:animated-vector-drawable:23.4.0] AndroidManifest.xml:5:5-44
MERGED from [com.android.support:support-vector-drawable:23.4.0] AndroidManifest.xml:5:5-43
MERGED from [com.android.support:support-v4:23.4.0] AndroidManifest.xml:20:5-43
MERGED from [com.android.support:support-v4:23.4.0] AndroidManifest.xml:20:5-43
MERGED from [com.android.support:support-vector-drawable:23.4.0] AndroidManifest.xml:5:5-43
MERGED from [com.android.support:support-v4:23.4.0] AndroidManifest.xml:20:5-43
MERGED from [com.android.support:support-v4:23.4.0] AndroidManifest.xml:20:5-43
MERGED from [com.android.support:recyclerview-v7:23.4.0] AndroidManifest.xml:20:5-43
MERGED from [com.android.support:support-v4:23.4.0] AndroidManifest.xml:20:5-43
MERGED from [com.google.android.gms:play-services-ads:8.4.0] AndroidManifest.xml:23:5-42
MERGED from [com.google.android.gms:play-services-basement:8.4.0] AndroidManifest.xml:18:5-42
MERGED from [com.android.support:support-v4:23.4.0] AndroidManifest.xml:20:5-43
MERGED from [com.txusballesteros:bubbles:1.2.1] AndroidManifest.xml:31:5-33:41
	tools:overrideLibrary
		ADDED from [com.android.support:appcompat-v7:23.4.0] AndroidManifest.xml:23:9-75
	android:targetSdkVersion
		INJECTED from src\main\AndroidManifest.xml
		INJECTED from src\main\AndroidManifest.xml
	android:minSdkVersion
		INJECTED from src\main\AndroidManifest.xml
		INJECTED from src\main\AndroidManifest.xml
uses-permission#android.permission.ACCESS_NETWORK_STATE
ADDED from [com.google.android.gms:play-services-ads:8.4.0] AndroidManifest.xml:21:5-78
	android:name
		ADDED from [com.google.android.gms:play-services-ads:8.4.0] AndroidManifest.xml:21:22-76
activity#com.google.android.gms.ads.AdActivity
ADDED from [com.google.android.gms:play-services-ads:8.4.0] AndroidManifest.xml:26:9-29:64
	android:configChanges
		ADDED from [com.google.android.gms:play-services-ads:8.4.0] AndroidManifest.xml:28:13-122
	android:theme
		ADDED from [com.google.android.gms:play-services-ads:8.4.0] AndroidManifest.xml:29:13-61
	android:name
		ADDED from [com.google.android.gms:play-services-ads:8.4.0] AndroidManifest.xml:27:13-65
activity#com.google.android.gms.ads.purchase.InAppPurchaseActivity
ADDED from [com.google.android.gms:play-services-ads:8.4.0] AndroidManifest.xml:30:9-31:52
	android:theme
		ADDED from [com.google.android.gms:play-services-ads:8.4.0] AndroidManifest.xml:31:13-50
	android:name
		ADDED from [com.google.android.gms:play-services-ads:8.4.0] AndroidManifest.xml:30:19-91
meta-data#com.google.android.gms.version
ADDED from [com.google.android.gms:play-services-basement:8.4.0] AndroidManifest.xml:21:9-23:69
	android:value
		ADDED from [com.google.android.gms:play-services-basement:8.4.0] AndroidManifest.xml:23:13-66
	android:name
		ADDED from [com.google.android.gms:play-services-basement:8.4.0] AndroidManifest.xml:22:13-58
uses-permission#android.permission.VIBRATE
ADDED from [com.txusballesteros:bubbles:1.2.1] AndroidManifest.xml:35:5-66
	android:name
		ADDED from [com.txusballesteros:bubbles:1.2.1] AndroidManifest.xml:35:22-63
service#com.txusballesteros.bubbles.BubblesService
ADDED from [com.txusballesteros:bubbles:1.2.1] AndroidManifest.xml:39:9-42:40
	android:enabled
		ADDED from [com.txusballesteros:bubbles:1.2.1] AndroidManifest.xml:41:13-35
	android:exported
		ADDED from [com.txusballesteros:bubbles:1.2.1] AndroidManifest.xml:42:13-37
	android:name
		ADDED from [com.txusballesteros:bubbles:1.2.1] AndroidManifest.xml:40:13-70